{
  "RSpec": {
    "coverage": {
      "/Users/kharileighmiller/Documents/MakersProjects/Project3/MCKK/app/helpers/application_helper.rb": {
        "lines": [
          1,
          null
        ]
      },
      "/Users/kharileighmiller/Documents/MakersProjects/Project3/MCKK/app/helpers/loans_helper.rb": {
        "lines": [
          1,
          null
        ]
      },
      "/Users/kharileighmiller/Documents/MakersProjects/Project3/MCKK/app/helpers/sessions_helper.rb": {
        "lines": [
          1,
          null
        ]
      },
      "/Users/kharileighmiller/Documents/MakersProjects/Project3/MCKK/app/helpers/user_mfa_sessions_helper.rb": {
        "lines": [
          1,
          null
        ]
      },
      "/Users/kharileighmiller/Documents/MakersProjects/Project3/MCKK/app/helpers/users_helper.rb": {
        "lines": [
          1,
          null
        ]
      },
      "/Users/kharileighmiller/Documents/MakersProjects/Project3/MCKK/app/controllers/sessions_controller.rb": {
        "lines": [
          1,
          1,
          null,
          null,
          1,
          null,
          null,
          1,
          4,
          null,
          null,
          1,
          0,
          0,
          null,
          0,
          null,
          null,
          null,
          null,
          1,
          6,
          null,
          6,
          3,
          3,
          null,
          3,
          3,
          null,
          null,
          null,
          1,
          2,
          2,
          null,
          null
        ]
      },
      "/Users/kharileighmiller/Documents/MakersProjects/Project3/MCKK/app/controllers/application_controller.rb": {
        "lines": [
          1,
          null,
          1,
          null,
          1,
          null,
          1,
          1,
          null,
          34,
          34,
          null,
          null,
          0,
          0,
          null,
          0,
          0,
          0,
          0,
          null,
          null,
          null
        ]
      },
      "/Users/kharileighmiller/Documents/MakersProjects/Project3/MCKK/app/controllers/user_mfa_sessions_controller.rb": {
        "lines": [
          1,
          1,
          1,
          null,
          1,
          3,
          3,
          null,
          null,
          1,
          2,
          2,
          null,
          2,
          0,
          0,
          null,
          null,
          2,
          2,
          null,
          null,
          null,
          null,
          1,
          null,
          1,
          6,
          6,
          1,
          null,
          null,
          null,
          1,
          3,
          3,
          3,
          null,
          3,
          3,
          3,
          null,
          null
        ]
      },
      "/Users/kharileighmiller/Documents/MakersProjects/Project3/MCKK/app/controllers/users_controller.rb": {
        "lines": [
          1,
          1,
          5,
          null,
          null,
          5,
          null,
          3,
          null,
          null,
          2,
          2,
          null,
          null,
          null,
          1,
          4,
          null,
          null,
          null,
          1,
          9,
          null,
          9,
          null,
          6,
          null,
          null,
          6,
          6,
          6,
          null,
          3,
          null,
          null,
          null,
          1,
          1,
          null,
          null,
          null,
          9,
          null,
          null
        ]
      },
      "/Users/kharileighmiller/Documents/MakersProjects/Project3/MCKK/app/models/loan.rb": {
        "lines": [
          1,
          1,
          null,
          1,
          1,
          1,
          1,
          1,
          null,
          1,
          1,
          1,
          1,
          1,
          1,
          1,
          1,
          null,
          1,
          null,
          null
        ]
      },
      "/Users/kharileighmiller/Documents/MakersProjects/Project3/MCKK/app/models/application_record.rb": {
        "lines": [
          1,
          1,
          null
        ]
      },
      "/Users/kharileighmiller/Documents/MakersProjects/Project3/MCKK/app/models/user.rb": {
        "lines": [
          1,
          1,
          null,
          1,
          1,
          1,
          null,
          1,
          1,
          null
        ]
      },
      "/Users/kharileighmiller/Documents/MakersProjects/Project3/MCKK/app/models/user_mfa_session.rb": {
        "lines": [
          null,
          1,
          null
        ]
      },
      "/Users/kharileighmiller/Documents/MakersProjects/Project3/MCKK/app/controllers/loans_controller.rb": {
        "lines": [
          1,
          null,
          1,
          0,
          0,
          null,
          null,
          1,
          null,
          0,
          0,
          0,
          0,
          0,
          0,
          null,
          0,
          0,
          null,
          null,
          null,
          null,
          1,
          1,
          0,
          null,
          null,
          null,
          null
        ]
      },
      "/Users/kharileighmiller/Documents/MakersProjects/Project3/MCKK/app/channels/application_cable/channel.rb": {
        "lines": [
          0,
          0,
          0,
          0
        ],
        "branches": {
        }
      },
      "/Users/kharileighmiller/Documents/MakersProjects/Project3/MCKK/app/channels/application_cable/connection.rb": {
        "lines": [
          0,
          0,
          0,
          0
        ],
        "branches": {
        }
      },
      "/Users/kharileighmiller/Documents/MakersProjects/Project3/MCKK/app/jobs/application_job.rb": {
        "lines": [
          0,
          null,
          null,
          null,
          null,
          null,
          0
        ],
        "branches": {
        }
      },
      "/Users/kharileighmiller/Documents/MakersProjects/Project3/MCKK/app/mailers/application_mailer.rb": {
        "lines": [
          0,
          0,
          0,
          0
        ],
        "branches": {
        }
      }
    },
    "timestamp": 1729761658
  }
}
